[10-Apr-2013 10:44:23] PHP Warning:  phpinfo(): It is not safe to rely on the system's timezone settings. You are *required* to use the date.timezone setting or the date_default_timezone_set() function. In case you used any of those methods and you are still getting this warning, you most likely misspelled the timezone identifier. We selected 'Europe/Berlin' for 'CEST/2.0/DST' instead in php shell code on line 1
[10-Apr-2013 10:44:55] PHP Warning:  phpinfo(): It is not safe to rely on the system's timezone settings. You are *required* to use the date.timezone setting or the date_default_timezone_set() function. In case you used any of those methods and you are still getting this warning, you most likely misspelled the timezone identifier. We selected 'Europe/Berlin' for 'CEST/2.0/DST' instead in php shell code on line 1
[10-Apr-2013 10:51:58] PHP Warning:  Module 'apc' already loaded in Unknown on line 0
[10-Apr-2013 10:52:41] PHP Warning:  Module 'apc' already loaded in Unknown on line 0
[10-Apr-2013 10:52:44] PHP Warning:  phpinfo(): It is not safe to rely on the system's timezone settings. You are *required* to use the date.timezone setting or the date_default_timezone_set() function. In case you used any of those methods and you are still getting this warning, you most likely misspelled the timezone identifier. We selected 'Europe/Berlin' for 'CEST/2.0/DST' instead in php shell code on line 1
[10-Apr-2013 10:56:25] PHP Warning:  Module 'apc' already loaded in Unknown on line 0
[10-Apr-2013 10:56:54] PHP Warning:  Module 'apc' already loaded in Unknown on line 0
[10-Apr-2013 10:56:59] PHP Parse error:  syntax error, unexpected ')' in php shell code on line 1
[10-Apr-2013 10:57:03] PHP Warning:  phpinfo(): It is not safe to rely on the system's timezone settings. You are *required* to use the date.timezone setting or the date_default_timezone_set() function. In case you used any of those methods and you are still getting this warning, you most likely misspelled the timezone identifier. We selected 'Europe/Berlin' for 'CEST/2.0/DST' instead in php shell code on line 1
[12-Apr-2013 12:25:15] PHP Warning:  Module 'apc' already loaded in Unknown on line 0
[12-Apr-2013 12:25:44] PHP Warning:  Module 'apc' already loaded in Unknown on line 0
[12-Apr-2013 12:25:49] PHP Warning:  Module 'apc' already loaded in Unknown on line 0
[12-Apr-2013 12:25:57] PHP Warning:  Module 'apc' already loaded in Unknown on line 0
[12-Apr-2013 12:25:57] PHP Warning:  Unknown: It is not safe to rely on the system's timezone settings. You are *required* to use the date.timezone setting or the date_default_timezone_set() function. In case you used any of those methods and you are still getting this warning, you most likely misspelled the timezone identifier. We selected 'Europe/Berlin' for 'CEST/2.0/DST' instead in Unknown on line 0
[12-Apr-2013 12:31:10] PHP Warning:  Module 'apc' already loaded in Unknown on line 0
[12-Apr-2013 13:48:49] PHP Warning:  Module 'apc' already loaded in Unknown on line 0
[16-Apr-2013 15:17:17] PHP Warning:  Module 'apc' already loaded in Unknown on line 0
[16-Apr-2013 15:17:37] PHP Warning:  Module 'apc' already loaded in Unknown on line 0
[16-Apr-2013 15:17:43] PHP Warning:  Module 'apc' already loaded in Unknown on line 0
[16-Apr-2013 15:17:47] PHP Warning:  Module 'apc' already loaded in Unknown on line 0
[16-Apr-2013 15:18:41] PHP Warning:  Module 'apc' already loaded in Unknown on line 0
[16-Apr-2013 15:19:11] PHP Warning:  Module 'apc' already loaded in Unknown on line 0
[16-Apr-2013 15:20:03] PHP Warning:  Module 'apc' already loaded in Unknown on line 0
[16-Apr-2013 15:20:08] PHP Warning:  Module 'apc' already loaded in Unknown on line 0
[16-Apr-2013 15:20:12] PHP Warning:  Module 'apc' already loaded in Unknown on line 0
[16-Apr-2013 15:20:16] PHP Warning:  phpinfo(): It is not safe to rely on the system's timezone settings. You are *required* to use the date.timezone setting or the date_default_timezone_set() function. In case you used any of those methods and you are still getting this warning, you most likely misspelled the timezone identifier. We selected 'Europe/Berlin' for 'CEST/2.0/DST' instead in php shell code on line 1
[16-Apr-2013 15:21:06] PHP Warning:  Module 'apc' already loaded in Unknown on line 0
[16-Apr-2013 15:23:08] PHP Warning:  Module 'apc' already loaded in Unknown on line 0
[18-Apr-2013 09:54:04] PHP Warning:  Module 'apc' already loaded in Unknown on line 0
[18-Apr-2013 10:02:38] PHP Warning:  Module 'apc' already loaded in Unknown on line 0
[18-Apr-2013 10:14:49] PHP Warning:  Module 'apc' already loaded in Unknown on line 0
[26-Apr-2013 09:13:57] PHP Warning:  Module 'apc' already loaded in Unknown on line 0
[13-May-2013 13:23:36] PHP Warning:  Module 'apc' already loaded in Unknown on line 0
[13-May-2013 14:23:01] PHP Warning:  Module 'apc' already loaded in Unknown on line 0
[15-May-2013 10:31:17] PHP Warning:  Module 'apc' already loaded in Unknown on line 0
[20-May-2013 09:00:00] PHP Warning:  Module 'apc' already loaded in Unknown on line 0
[20-May-2013 09:02:43] PHP Warning:  Module 'apc' already loaded in Unknown on line 0
[20-May-2013 11:38:34] PHP Warning:  Module 'apc' already loaded in Unknown on line 0
[20-May-2013 15:54:02] PHP Warning:  Module 'apc' already loaded in Unknown on line 0
[20-May-2013 16:00:06] PHP Warning:  Module 'apc' already loaded in Unknown on line 0
[20-May-2013 16:25:49] PHP Warning:  Module 'apc' already loaded in Unknown on line 0
[20-May-2013 16:28:09] PHP Warning:  Module 'apc' already loaded in Unknown on line 0
[20-May-2013 16:28:21] PHP Warning:  Module 'apc' already loaded in Unknown on line 0
